#
# There is insufficient memory for the Java Runtime Environment to continue.
# Native memory allocation (mmap) failed to map 137363456 bytes for G1 virtual space
# Possible reasons:
#   The system is out of physical RAM or swap space
#   The process is running with CompressedOops enabled, and the Java Heap may be blocking the growth of the native heap
# Possible solutions:
#   Reduce memory load on the system
#   Increase physical memory or swap space
#   Check if swap backing store is full
#   Decrease Java heap size (-Xmx/-Xms)
#   Decrease number of Java threads
#   Decrease Java thread stack sizes (-Xss)
#   Set larger code cache with -XX:ReservedCodeCacheSize=
#   JVM is running with Unscaled Compressed Oops mode in which the Java heap is
#     placed in the first 4GB address space. The Java Heap base address is the
#     maximum limit for the native heap growth. Please use -XX:HeapBaseMinAddress
#     to set the Java Heap base and to place the Java Heap above 4GB virtual address.
# This output file may be truncated or incomplete.
#
#  Out of Memory Error (os_windows.cpp:3535), pid=7612, tid=5436
#
# JRE version: OpenJDK Runtime Environment Temurin-17.0.3+7 (17.0.3+7) (build 17.0.3+7)
# Java VM: OpenJDK 64-Bit Server VM Temurin-17.0.3+7 (17.0.3+7, mixed mode, sharing, tiered, compressed oops, compressed class ptrs, g1 gc, windows-amd64)
# No core dump will be written. Minidumps are not enabled by default on client versions of Windows
#

---------------  S U M M A R Y ------------

Command Line: -Dfile.encoding=UTF-8 -Duser.country=US -Duser.language=en -Duser.variant net.md_5.specialsource.SpecialSource --in-jar D:\Ace\NEI\build\libs\modid-1.0.jar --out-jar D:\Ace\NEI\build\reobfJar\output.jar --srg-in D:\Ace\NEI\build\createMcpToSrg\output.tsrg --live

Host: Intel(R) Celeron(R) N4120 CPU @ 1.10GHz, 4 cores, 3G,  Windows 10 , 64 bit Build 19041 (10.0.19041.1889)
Time: Sat Nov  5 00:06:38 2022 Eastern Daylight Time elapsed time: 2.841823 seconds (0d 0h 0m 2s)

---------------  T H R E A D  ---------------

Current thread (0x0000027d76289a90):  VMThread "VM Thread" [stack: 0x000000b426300000,0x000000b426400000] [id=5436]

Stack: [0x000000b426300000,0x000000b426400000]
Native frames: (J=compiled Java code, j=interpreted, Vv=VM code, C=native code)
V  [jvm.dll+0x675efa]
V  [jvm.dll+0x830a24]
V  [jvm.dll+0x8321ce]
V  [jvm.dll+0x832833]
V  [jvm.dll+0x2454b5]
V  [jvm.dll+0x672de9]
V  [jvm.dll+0x667732]
V  [jvm.dll+0x3043ab]
V  [jvm.dll+0x30b8f6]
V  [jvm.dll+0x35b62e]
V  [jvm.dll+0x35b85f]
V  [jvm.dll+0x2db248]
V  [jvm.dll+0x2d94fc]
V  [jvm.dll+0x2d8acc]
V  [jvm.dll+0x31ca2b]
V  [jvm.dll+0x836cdb]
V  [jvm.dll+0x837a14]
V  [jvm.dll+0x837f2c]
V  [jvm.dll+0x838304]
V  [jvm.dll+0x8383d0]
V  [jvm.dll+0x7e0cfa]
V  [jvm.dll+0x674d85]
C  [ucrtbase.dll+0x21bb2]
C  [KERNEL32.DLL+0x17034]
C  [ntdll.dll+0x526a1]

VM_Operation (0x000000b425dfcf20): G1CollectForAllocation, mode: safepoint, requested by thread 0x0000027d761c0930


---------------  P R O C E S S  ---------------

Threads class SMR info:
_java_thread_list=0x0000027d13636900, length=13, elements={
0x0000027d761c0930, 0x0000027d7f6105b0, 0x0000027d7f611330, 0x0000027d7f6241d0,
0x0000027d7f626aa0, 0x0000027d7f627360, 0x0000027d7f627c20, 0x0000027d7f62dde0,
0x0000027d7f6339c0, 0x0000027d7f638330, 0x0000027d1297c2f0, 0x0000027d1298b7a0,
0x0000027d7f631b60
}

Java Threads: ( => current thread )
  0x0000027d761c0930 JavaThread "main" [_thread_blocked, id=15104, stack(0x000000b425d00000,0x000000b425e00000)]
  0x0000027d7f6105b0 JavaThread "Reference Handler" daemon [_thread_blocked, id=12116, stack(0x000000b426400000,0x000000b426500000)]
  0x0000027d7f611330 JavaThread "Finalizer" daemon [_thread_blocked, id=12864, stack(0x000000b426500000,0x000000b426600000)]
  0x0000027d7f6241d0 JavaThread "Signal Dispatcher" daemon [_thread_blocked, id=12392, stack(0x000000b426600000,0x000000b426700000)]
  0x0000027d7f626aa0 JavaThread "Attach Listener" daemon [_thread_blocked, id=6924, stack(0x000000b426700000,0x000000b426800000)]
  0x0000027d7f627360 JavaThread "Service Thread" daemon [_thread_blocked, id=7732, stack(0x000000b426800000,0x000000b426900000)]
  0x0000027d7f627c20 JavaThread "Monitor Deflation Thread" daemon [_thread_blocked, id=9896, stack(0x000000b426900000,0x000000b426a00000)]
  0x0000027d7f62dde0 JavaThread "C2 CompilerThread0" daemon [_thread_in_native, id=4516, stack(0x000000b426a00000,0x000000b426b00000)]
  0x0000027d7f6339c0 JavaThread "C1 CompilerThread0" daemon [_thread_blocked, id=8492, stack(0x000000b426b00000,0x000000b426c00000)]
  0x0000027d7f638330 JavaThread "Sweeper thread" daemon [_thread_blocked, id=11468, stack(0x000000b426c00000,0x000000b426d00000)]
  0x0000027d1297c2f0 JavaThread "Notification Thread" daemon [_thread_blocked, id=3692, stack(0x000000b426d00000,0x000000b426e00000)]
  0x0000027d1298b7a0 JavaThread "Common-Cleaner" daemon [_thread_blocked, id=13516, stack(0x000000b426f00000,0x000000b427000000)]
  0x0000027d7f631b60 JavaThread "C2 CompilerThread1" daemon [_thread_blocked, id=6488, stack(0x000000b427000000,0x000000b427100000)]

Other Threads:
=>0x0000027d76289a90 VMThread "VM Thread" [stack: 0x000000b426300000,0x000000b426400000] [id=5436]
  0x0000027d7f6eecc0 WatcherThread [stack: 0x000000b426e00000,0x000000b426f00000] [id=5556]
  0x0000027d761fc9b0 GCTaskThread "GC Thread#0" [stack: 0x000000b425e00000,0x000000b425f00000] [id=536]
  0x0000027d12aa4040 GCTaskThread "GC Thread#1" [stack: 0x000000b427100000,0x000000b427200000] [id=13576]
  0x0000027d129f0940 GCTaskThread "GC Thread#2" [stack: 0x000000b427200000,0x000000b427300000] [id=3392]
  0x0000027d13087b20 GCTaskThread "GC Thread#3" [stack: 0x000000b427400000,0x000000b427500000] [id=10248]
  0x0000027d76214c10 ConcurrentGCThread "G1 Main Marker" [stack: 0x000000b425f00000,0x000000b426000000] [id=13368]
  0x0000027d76215cd0 ConcurrentGCThread "G1 Conc#0" [stack: 0x000000b426000000,0x000000b426100000] [id=15024]
  0x0000027d76252c80 ConcurrentGCThread "G1 Refine#0" [stack: 0x000000b426100000,0x000000b426200000] [id=8544]
  0x0000027d12a01a30 ConcurrentGCThread "G1 Refine#1" [stack: 0x000000b427300000,0x000000b427400000] [id=12464]
  0x0000027d762535b0 ConcurrentGCThread "G1 Service" [stack: 0x000000b426200000,0x000000b426300000] [id=6944]

Threads with active compile tasks:
C2 CompilerThread0     2874 1028       4       org.objectweb.asm.ClassReader::readCode (5109 bytes)
C2 CompilerThread1     2874 1222       4       jdk.internal.jimage.ImageLocation::verify (218 bytes)

VM state: at safepoint (normal execution)

VM Mutex/Monitor currently owned by a thread:  ([mutex/lock_event])
[0x0000027d761bba60] Threads_lock - owner thread: 0x0000027d76289a90
[0x0000027d761bcb40] Heap_lock - owner thread: 0x0000027d761c0930

Heap address: 0x00000000c2c00000, size: 980 MB, Compressed Oops mode: 32-bit

CDS archive(s) mapped at: [0x0000000800000000-0x0000000800bc0000-0x0000000800bc0000), size 12320768, SharedBaseAddress: 0x0000000800000000, ArchiveRelocationMode: 0.
Compressed class space mapped at: 0x0000000800c00000-0x0000000840c00000, reserved size: 1073741824
Narrow klass base: 0x0000000800000000, Narrow klass shift: 0, Narrow klass range: 0x100000000

GC Precious Log:
 CPUs: 4 total, 4 available
 Memory: 3913M
 Large Page Support: Disabled
 NUMA Support: Disabled
 Compressed Oops: Enabled (32-bit)
 Heap Region Size: 1M
 Heap Min Capacity: 8M
 Heap Initial Capacity: 62M
 Heap Max Capacity: 980M
 Pre-touch: Disabled
 Parallel Workers: 4
 Concurrent Workers: 1
 Concurrent Refinement Workers: 4
 Periodic GC: Disabled

Heap:
 garbage-first heap   total 130048K, used 57136K [0x00000000c2c00000, 0x0000000100000000)
  region size 1024K, 3 young (3072K), 3 survivors (3072K)
 Metaspace       used 3816K, committed 3904K, reserved 1056768K
  class space    used 331K, committed 384K, reserved 1048576K

Heap Regions: E=young(eden), S=young(survivor), O=old, HS=humongous(starts), HC=humongous(continues), CS=collection set, F=free, OA=open archive, CA=closed archive, TAMS=top-at-mark-start (previous, next)
|   0|0x00000000c2c00000, 0x00000000c2d00000, 0x00000000c2d00000|100%|HS|  |TAMS 0x00000000c2c00000, 0x00000000c2c00000| Complete 
|   1|0x00000000c2d00000, 0x00000000c2e00000, 0x00000000c2e00000|100%| O|  |TAMS 0x00000000c2d00000, 0x00000000c2d00000| Untracked 
|   2|0x00000000c2e00000, 0x00000000c2f00000, 0x00000000c2f00000|100%| O|  |TAMS 0x00000000c2e00000, 0x00000000c2e00000| Untracked 
|   3|0x00000000c2f00000, 0x00000000c3000000, 0x00000000c3000000|100%| O|  |TAMS 0x00000000c2f00000, 0x00000000c2f00000| Untracked 
|   4|0x00000000c3000000, 0x00000000c3100000, 0x00000000c3100000|100%| O|  |TAMS 0x00000000c3000000, 0x00000000c3000000| Untracked 
|   5|0x00000000c3100000, 0x00000000c3200000, 0x00000000c3200000|100%| O|  |TAMS 0x00000000c3100000, 0x00000000c3100000| Untracked 
|   6|0x00000000c3200000, 0x00000000c3300000, 0x00000000c3300000|100%| O|  |TAMS 0x00000000c3200000, 0x00000000c3200000| Untracked 
|   7|0x00000000c3300000, 0x00000000c3400000, 0x00000000c3400000|100%| O|  |TAMS 0x00000000c3300000, 0x00000000c3300000| Untracked 
|   8|0x00000000c3400000, 0x00000000c3500000, 0x00000000c3500000|100%| O|  |TAMS 0x00000000c3400000, 0x00000000c3400000| Untracked 
|   9|0x00000000c3500000, 0x00000000c3600000, 0x00000000c3600000|100%| O|  |TAMS 0x00000000c3500000, 0x00000000c3500000| Untracked 
|  10|0x00000000c3600000, 0x00000000c3700000, 0x00000000c3700000|100%|HS|  |TAMS 0x00000000c3600000, 0x00000000c3600000| Complete 
|  11|0x00000000c3700000, 0x00000000c3800000, 0x00000000c3800000|100%| O|  |TAMS 0x00000000c3700000, 0x00000000c3700000| Untracked 
|  12|0x00000000c3800000, 0x00000000c3900000, 0x00000000c3900000|100%| O|  |TAMS 0x00000000c3800000, 0x00000000c3800000| Untracked 
|  13|0x00000000c3900000, 0x00000000c3a00000, 0x00000000c3a00000|100%| O|  |TAMS 0x00000000c3900000, 0x00000000c3900000| Untracked 
|  14|0x00000000c3a00000, 0x00000000c3b00000, 0x00000000c3b00000|100%| O|  |TAMS 0x00000000c3a00000, 0x00000000c3a00000| Untracked 
|  15|0x00000000c3b00000, 0x00000000c3c00000, 0x00000000c3c00000|100%| O|  |TAMS 0x00000000c3b00000, 0x00000000c3b00000| Untracked 
|  16|0x00000000c3c00000, 0x00000000c3d00000, 0x00000000c3d00000|100%| O|  |TAMS 0x00000000c3c00000, 0x00000000c3c00000| Untracked 
|  17|0x00000000c3d00000, 0x00000000c3e00000, 0x00000000c3e00000|100%| O|  |TAMS 0x00000000c3d00000, 0x00000000c3d00000| Untracked 
|  18|0x00000000c3e00000, 0x00000000c3f00000, 0x00000000c3f00000|100%| O|  |TAMS 0x00000000c3e00000, 0x00000000c3e00000| Untracked 
|  19|0x00000000c3f00000, 0x00000000c4000000, 0x00000000c4000000|100%| O|  |TAMS 0x00000000c3f00000, 0x00000000c3f00000| Untracked 
|  20|0x00000000c4000000, 0x00000000c4100000, 0x00000000c4100000|100%| O|  |TAMS 0x00000000c4000000, 0x00000000c4000000| Untracked 
|  21|0x00000000c4100000, 0x00000000c4200000, 0x00000000c4200000|100%| O|  |TAMS 0x00000000c4100000, 0x00000000c4100000| Untracked 
|  22|0x00000000c4200000, 0x00000000c4300000, 0x00000000c4300000|100%| O|  |TAMS 0x00000000c4200000, 0x00000000c4200000| Untracked 
|  23|0x00000000c4300000, 0x00000000c4400000, 0x00000000c4400000|100%| O|  |TAMS 0x00000000c4300000, 0x00000000c4300000| Untracked 
|  24|0x00000000c4400000, 0x00000000c4500000, 0x00000000c4500000|100%| O|  |TAMS 0x00000000c4400000, 0x00000000c4400000| Untracked 
|  25|0x00000000c4500000, 0x00000000c4600000, 0x00000000c4600000|100%| O|  |TAMS 0x00000000c4500000, 0x00000000c4500000| Untracked 
|  26|0x00000000c4600000, 0x00000000c4700000, 0x00000000c4700000|100%| O|  |TAMS 0x00000000c4600000, 0x00000000c4600000| Untracked 
|  27|0x00000000c4700000, 0x00000000c4800000, 0x00000000c4800000|100%| O|  |TAMS 0x00000000c4700000, 0x00000000c4700000| Untracked 
|  28|0x00000000c4800000, 0x00000000c4900000, 0x00000000c4900000|100%| O|  |TAMS 0x00000000c4800000, 0x00000000c4800000| Untracked 
|  29|0x00000000c4900000, 0x00000000c4a00000, 0x00000000c4a00000|100%| O|  |TAMS 0x00000000c4900000, 0x00000000c4900000| Untracked 
|  30|0x00000000c4a00000, 0x00000000c4b00000, 0x00000000c4b00000|100%|HS|  |TAMS 0x00000000c4a00000, 0x00000000c4a00000| Complete 
|  31|0x00000000c4b00000, 0x00000000c4c00000, 0x00000000c4c00000|100%|HS|  |TAMS 0x00000000c4b00000, 0x00000000c4b00000| Complete 
|  32|0x00000000c4c00000, 0x00000000c4d00000, 0x00000000c4d00000|100%|HS|  |TAMS 0x00000000c4c00000, 0x00000000c4c00000| Complete 
|  33|0x00000000c4d00000, 0x00000000c4e00000, 0x00000000c4e00000|100%|HC|  |TAMS 0x00000000c4d00000, 0x00000000c4d00000| Complete 
|  34|0x00000000c4e00000, 0x00000000c4f00000, 0x00000000c4f00000|100%| O|  |TAMS 0x00000000c4e00000, 0x00000000c4e00000| Untracked 
|  35|0x00000000c4f00000, 0x00000000c5000000, 0x00000000c5000000|100%| O|  |TAMS 0x00000000c4f00000, 0x00000000c4f00000| Untracked 
|  36|0x00000000c5000000, 0x00000000c5100000, 0x00000000c5100000|100%|HS|  |TAMS 0x00000000c5000000, 0x00000000c5000000| Complete 
|  37|0x00000000c5100000, 0x00000000c5200000, 0x00000000c5200000|100%|HC|  |TAMS 0x00000000c5100000, 0x00000000c5100000| Complete 
|  38|0x00000000c5200000, 0x00000000c5300000, 0x00000000c5300000|100%| O|  |TAMS 0x00000000c5200000, 0x00000000c5200000| Untracked 
|  39|0x00000000c5300000, 0x00000000c5400000, 0x00000000c5400000|100%| O|  |TAMS 0x00000000c5300000, 0x00000000c5300000| Untracked 
|  40|0x00000000c5400000, 0x00000000c5500000, 0x00000000c5500000|100%| O|  |TAMS 0x00000000c5400000, 0x00000000c5400000| Untracked 
|  41|0x00000000c5500000, 0x00000000c5600000, 0x00000000c5600000|100%| O|  |TAMS 0x00000000c5500000, 0x00000000c5500000| Untracked 
|  42|0x00000000c5600000, 0x00000000c5700000, 0x00000000c5700000|100%| O|  |TAMS 0x00000000c5600000, 0x00000000c5600000| Untracked 
|  43|0x00000000c5700000, 0x00000000c5800000, 0x00000000c5800000|100%| O|  |TAMS 0x00000000c5700000, 0x00000000c5700000| Untracked 
|  44|0x00000000c5800000, 0x00000000c5900000, 0x00000000c5900000|100%| O|  |TAMS 0x00000000c5800000, 0x00000000c5800000| Untracked 
|  45|0x00000000c5900000, 0x00000000c5a00000, 0x00000000c5a00000|100%| O|  |TAMS 0x00000000c5900000, 0x00000000c5900000| Untracked 
|  46|0x00000000c5a00000, 0x00000000c5b00000, 0x00000000c5b00000|100%| O|  |TAMS 0x00000000c5a00000, 0x00000000c5a00000| Untracked 
|  47|0x00000000c5b00000, 0x00000000c5c00000, 0x00000000c5c00000|100%| O|  |TAMS 0x00000000c5b00000, 0x00000000c5b00000| Untracked 
|  48|0x00000000c5c00000, 0x00000000c5d00000, 0x00000000c5d00000|100%| O|  |TAMS 0x00000000c5c00000, 0x00000000c5c00000| Untracked 
|  49|0x00000000c5d00000, 0x00000000c5e00000, 0x00000000c5e00000|100%| O|  |TAMS 0x00000000c5d00000, 0x00000000c5d00000| Untracked 
|  50|0x00000000c5e00000, 0x00000000c5f00000, 0x00000000c5f00000|100%| O|  |TAMS 0x00000000c5e00000, 0x00000000c5e00000| Untracked 
|  51|0x00000000c5f00000, 0x00000000c6000000, 0x00000000c6000000|100%| O|  |TAMS 0x00000000c5f00000, 0x00000000c5f00000| Untracked 
|  52|0x00000000c6000000, 0x00000000c6100000, 0x00000000c6100000|100%| O|  |TAMS 0x00000000c6000000, 0x00000000c6000000| Untracked 
|  53|0x00000000c6100000, 0x00000000c6100000, 0x00000000c6200000|  0%| F|  |TAMS 0x00000000c6100000, 0x00000000c6100000| Untracked 
|  54|0x00000000c6200000, 0x00000000c6200000, 0x00000000c6300000|  0%| F|  |TAMS 0x00000000c6200000, 0x00000000c6200000| Untracked 
|  55|0x00000000c6300000, 0x00000000c6300000, 0x00000000c6400000|  0%| F|  |TAMS 0x00000000c6300000, 0x00000000c6300000| Untracked 
|  56|0x00000000c6400000, 0x00000000c6400000, 0x00000000c6500000|  0%| F|  |TAMS 0x00000000c6400000, 0x00000000c6400000| Untracked 
|  57|0x00000000c6500000, 0x00000000c6500000, 0x00000000c6600000|  0%| F|  |TAMS 0x00000000c6500000, 0x00000000c6500000| Untracked 
|  58|0x00000000c6600000, 0x00000000c6600000, 0x00000000c6700000|  0%| F|  |TAMS 0x00000000c6600000, 0x00000000c6600000| Untracked 
|  59|0x00000000c6700000, 0x00000000c6700000, 0x00000000c6800000|  0%| F|  |TAMS 0x00000000c6700000, 0x00000000c6700000| Untracked 
|  60|0x00000000c6800000, 0x00000000c6800000, 0x00000000c6900000|  0%| F|  |TAMS 0x00000000c6800000, 0x00000000c6800000| Untracked 
|  61|0x00000000c6900000, 0x00000000c6900000, 0x00000000c6a00000|  0%| F|  |TAMS 0x00000000c6900000, 0x00000000c6900000| Untracked 
|  62|0x00000000c6a00000, 0x00000000c6a00000, 0x00000000c6b00000|  0%| F|  |TAMS 0x00000000c6a00000, 0x00000000c6a00000| Untracked 
|  63|0x00000000c6b00000, 0x00000000c6b00000, 0x00000000c6c00000|  0%| F|  |TAMS 0x00000000c6b00000, 0x00000000c6b00000| Untracked 
|  64|0x00000000c6c00000, 0x00000000c6c00000, 0x00000000c6d00000|  0%| F|  |TAMS 0x00000000c6c00000, 0x00000000c6c00000| Untracked 
|  65|0x00000000c6d00000, 0x00000000c6d00000, 0x00000000c6e00000|  0%| F|  |TAMS 0x00000000c6d00000, 0x00000000c6d00000| Untracked 
|  66|0x00000000c6e00000, 0x00000000c6e00000, 0x00000000c6f00000|  0%| F|  |TAMS 0x00000000c6e00000, 0x00000000c6e00000| Untracked 
|  67|0x00000000c6f00000, 0x00000000c6f00000, 0x00000000c7000000|  0%| F|  |TAMS 0x00000000c6f00000, 0x00000000c6f00000| Untracked 
|  68|0x00000000c7000000, 0x00000000c7000000, 0x00000000c7100000|  0%| F|  |TAMS 0x00000000c7000000, 0x00000000c7000000| Untracked 
|  69|0x00000000c7100000, 0x00000000c7100000, 0x00000000c7200000|  0%| F|  |TAMS 0x00000000c7100000, 0x00000000c7100000| Untracked 
|  70|0x00000000c7200000, 0x00000000c7200000, 0x00000000c7300000|  0%| F|  |TAMS 0x00000000c7200000, 0x00000000c7200000| Untracked 
|  71|0x00000000c7300000, 0x00000000c7300000, 0x00000000c7400000|  0%| F|  |TAMS 0x00000000c7300000, 0x00000000c7300000| Untracked 
|  72|0x00000000c7400000, 0x00000000c7400000, 0x00000000c7500000|  0%| F|  |TAMS 0x00000000c7400000, 0x00000000c7400000| Untracked 
|  73|0x00000000c7500000, 0x00000000c7500000, 0x00000000c7600000|  0%| F|  |TAMS 0x00000000c7500000, 0x00000000c7500000| Untracked 
|  74|0x00000000c7600000, 0x00000000c7600000, 0x00000000c7700000|  0%| F|  |TAMS 0x00000000c7600000, 0x00000000c7600000| Untracked 
|  75|0x00000000c7700000, 0x00000000c7700000, 0x00000000c7800000|  0%| F|  |TAMS 0x00000000c7700000, 0x00000000c7700000| Untracked 
|  76|0x00000000c7800000, 0x00000000c7800000, 0x00000000c7900000|  0%| F|  |TAMS 0x00000000c7800000, 0x00000000c7800000| Untracked 
|  77|0x00000000c7900000, 0x00000000c7900000, 0x00000000c7a00000|  0%| F|  |TAMS 0x00000000c7900000, 0x00000000c7900000| Untracked 
|  78|0x00000000c7a00000, 0x00000000c7a00000, 0x00000000c7b00000|  0%| F|  |TAMS 0x00000000c7a00000, 0x00000000c7a00000| Untracked 
|  79|0x00000000c7b00000, 0x00000000c7b00000, 0x00000000c7c00000|  0%| F|  |TAMS 0x00000000c7b00000, 0x00000000c7b00000| Untracked 
|  80|0x00000000c7c00000, 0x00000000c7c00000, 0x00000000c7d00000|  0%| F|  |TAMS 0x00000000c7c00000, 0x00000000c7c00000| Untracked 
|  81|0x00000000c7d00000, 0x00000000c7d00000, 0x00000000c7e00000|  0%| F|  |TAMS 0x00000000c7d00000, 0x00000000c7d00000| Untracked 
|  82|0x00000000c7e00000, 0x00000000c7e00000, 0x00000000c7f00000|  0%| F|  |TAMS 0x00000000c7e00000, 0x00000000c7e00000| Untracked 
|  83|0x00000000c7f00000, 0x00000000c7f00000, 0x00000000c8000000|  0%| F|  |TAMS 0x00000000c7f00000, 0x00000000c7f00000| Untracked 
|  84|0x00000000c8000000, 0x00000000c8000000, 0x00000000c8100000|  0%| F|  |TAMS 0x00000000c8000000, 0x00000000c8000000| Untracked 
|  85|0x00000000c8100000, 0x00000000c8100000, 0x00000000c8200000|  0%| F|  |TAMS 0x00000000c8100000, 0x00000000c8100000| Untracked 
|  86|0x00000000c8200000, 0x00000000c82cc120, 0x00000000c8300000| 79%| S|CS|TAMS 0x00000000c8200000, 0x00000000c8200000| Complete 
|  87|0x00000000c8300000, 0x00000000c8400000, 0x00000000c8400000|100%| S|CS|TAMS 0x00000000c8300000, 0x00000000c8300000| Complete 
|  88|0x00000000c8400000, 0x00000000c8500000, 0x00000000c8500000|100%| S|CS|TAMS 0x00000000c8400000, 0x00000000c8400000| Complete 
|  89|0x00000000c8500000, 0x00000000c8500000, 0x00000000c8600000|  0%| F|  |TAMS 0x00000000c8500000, 0x00000000c8500000| Untracked 
|  90|0x00000000c8600000, 0x00000000c8600000, 0x00000000c8700000|  0%| F|  |TAMS 0x00000000c8600000, 0x00000000c8600000| Untracked 
|  91|0x00000000c8700000, 0x00000000c8700000, 0x00000000c8800000|  0%| F|  |TAMS 0x00000000c8700000, 0x00000000c8700000| Untracked 
|  92|0x00000000c8800000, 0x00000000c8800000, 0x00000000c8900000|  0%| F|  |TAMS 0x00000000c8800000, 0x00000000c8800000| Untracked 
|  93|0x00000000c8900000, 0x00000000c8900000, 0x00000000c8a00000|  0%| F|  |TAMS 0x00000000c8900000, 0x00000000c8900000| Untracked 
|  94|0x00000000c8a00000, 0x00000000c8a00000, 0x00000000c8b00000|  0%| F|  |TAMS 0x00000000c8a00000, 0x00000000c8a00000| Untracked 
|  95|0x00000000c8b00000, 0x00000000c8b00000, 0x00000000c8c00000|  0%| F|  |TAMS 0x00000000c8b00000, 0x00000000c8b00000| Untracked 
|  96|0x00000000c8c00000, 0x00000000c8c00000, 0x00000000c8d00000|  0%| F|  |TAMS 0x00000000c8c00000, 0x00000000c8c00000| Untracked 
|  97|0x00000000c8d00000, 0x00000000c8d00000, 0x00000000c8e00000|  0%| F|  |TAMS 0x00000000c8d00000, 0x00000000c8d00000| Untracked 
|  98|0x00000000c8e00000, 0x00000000c8e00000, 0x00000000c8f00000|  0%| F|  |TAMS 0x00000000c8e00000, 0x00000000c8e00000| Untracked 
|  99|0x00000000c8f00000, 0x00000000c8f00000, 0x00000000c9000000|  0%| F|  |TAMS 0x00000000c8f00000, 0x00000000c8f00000| Untracked 
| 100|0x00000000c9000000, 0x00000000c9000000, 0x00000000c9100000|  0%| F|  |TAMS 0x00000000c9000000, 0x00000000c9000000| Untracked 
| 101|0x00000000c9100000, 0x00000000c9100000, 0x00000000c9200000|  0%| F|  |TAMS 0x00000000c9100000, 0x00000000c9100000| Untracked 
| 102|0x00000000c9200000, 0x00000000c9200000, 0x00000000c9300000|  0%| F|  |TAMS 0x00000000c9200000, 0x00000000c9200000| Untracked 
| 103|0x00000000c9300000, 0x00000000c9300000, 0x00000000c9400000|  0%| F|  |TAMS 0x00000000c9300000, 0x00000000c9300000| Untracked 
| 104|0x00000000c9400000, 0x00000000c9400000, 0x00000000c9500000|  0%| F|  |TAMS 0x00000000c9400000, 0x00000000c9400000| Untracked 
| 105|0x00000000c9500000, 0x00000000c9500000, 0x00000000c9600000|  0%| F|  |TAMS 0x00000000c9500000, 0x00000000c9500000| Untracked 
| 106|0x00000000c9600000, 0x00000000c9600000, 0x00000000c9700000|  0%| F|  |TAMS 0x00000000c9600000, 0x00000000c9600000| Untracked 
| 107|0x00000000c9700000, 0x00000000c9700000, 0x00000000c9800000|  0%| F|  |TAMS 0x00000000c9700000, 0x00000000c9700000| Untracked 
| 108|0x00000000c9800000, 0x00000000c9800000, 0x00000000c9900000|  0%| F|  |TAMS 0x00000000c9800000, 0x00000000c9800000| Untracked 
| 109|0x00000000c9900000, 0x00000000c9900000, 0x00000000c9a00000|  0%| F|  |TAMS 0x00000000c9900000, 0x00000000c9900000| Untracked 
| 110|0x00000000c9a00000, 0x00000000c9a00000, 0x00000000c9b00000|  0%| F|  |TAMS 0x00000000c9a00000, 0x00000000c9a00000| Untracked 
| 111|0x00000000c9b00000, 0x00000000c9b00000, 0x00000000c9c00000|  0%| F|  |TAMS 0x00000000c9b00000, 0x00000000c9b00000| Untracked 
| 112|0x00000000c9c00000, 0x00000000c9c00000, 0x00000000c9d00000|  0%| F|  |TAMS 0x00000000c9c00000, 0x00000000c9c00000| Untracked 
| 113|0x00000000c9d00000, 0x00000000c9d00000, 0x00000000c9e00000|  0%| F|  |TAMS 0x00000000c9d00000, 0x00000000c9d00000| Untracked 
| 114|0x00000000c9e00000, 0x00000000c9e00000, 0x00000000c9f00000|  0%| F|  |TAMS 0x00000000c9e00000, 0x00000000c9e00000| Untracked 
| 115|0x00000000c9f00000, 0x00000000c9f00000, 0x00000000ca000000|  0%| F|  |TAMS 0x00000000c9f00000, 0x00000000c9f00000| Untracked 
| 116|0x00000000ca000000, 0x00000000ca000000, 0x00000000ca100000|  0%| F|  |TAMS 0x00000000ca000000, 0x00000000ca000000| Untracked 
| 117|0x00000000ca100000, 0x00000000ca100000, 0x00000000ca200000|  0%| F|  |TAMS 0x00000000ca100000, 0x00000000ca100000| Untracked 
| 118|0x00000000ca200000, 0x00000000ca200000, 0x00000000ca300000|  0%| F|  |TAMS 0x00000000ca200000, 0x00000000ca200000| Untracked 
| 119|0x00000000ca300000, 0x00000000ca300000, 0x00000000ca400000|  0%| F|  |TAMS 0x00000000ca300000, 0x00000000ca300000| Untracked 
| 120|0x00000000ca400000, 0x00000000ca400000, 0x00000000ca500000|  0%| F|  |TAMS 0x00000000ca400000, 0x00000000ca400000| Untracked 
| 121|0x00000000ca500000, 0x00000000ca500000, 0x00000000ca600000|  0%| F|  |TAMS 0x00000000ca500000, 0x00000000ca500000| Untracked 
| 122|0x00000000ca600000, 0x00000000ca600000, 0x00000000ca700000|  0%| F|  |TAMS 0x00000000ca600000, 0x00000000ca600000| Untracked 
| 123|0x00000000ca700000, 0x00000000ca700000, 0x00000000ca800000|  0%| F|  |TAMS 0x00000000ca700000, 0x00000000ca700000| Untracked 
| 124|0x00000000ca800000, 0x00000000ca800000, 0x00000000ca900000|  0%| F|  |TAMS 0x00000000ca800000, 0x00000000ca800000| Untracked 
| 125|0x00000000ca900000, 0x00000000ca900000, 0x00000000caa00000|  0%| F|  |TAMS 0x00000000ca900000, 0x00000000ca900000| Untracked 
| 126|0x00000000caa00000, 0x00000000caa00000, 0x00000000cab00000|  0%| F|  |TAMS 0x00000000caa00000, 0x00000000caa00000| Untracked 

Card table byte_map: [0x0000027d7de90000,0x0000027d7e080000] _byte_map_base: 0x0000027d7d87a000

Marking Bits (Prev, Next): (CMBitMap*) 0x0000027d761fdee0, (CMBitMap*) 0x0000027d761fdf20
 Prev Bits: [0x0000027d7e270000, 0x0000027d7f1c0000)
 Next Bits: [0x0000027d0f000000, 0x0000027d0ff50000)

Polling page: 0x0000027d74350000

Metaspace:

Usage:
  Non-class:      3.40 MB used.
      Class:    331.71 KB used.
       Both:      3.73 MB used.

Virtual space:
  Non-class space:        8.00 MB reserved,       3.44 MB ( 43%) committed,  1 nodes.
      Class space:        1.00 GB reserved,     384.00 KB ( <1%) committed,  1 nodes.
             Both:        1.01 GB reserved,       3.81 MB ( <1%) committed. 

Chunk freelists:
   Non-Class:  2.77 MB
       Class:  3.59 MB
        Both:  6.36 MB

MaxMetaspaceSize: unlimited
CompressedClassSpaceSize: 1.00 GB
Initial GC threshold: 21.00 MB
Current GC threshold: 21.00 MB
CDS: on
MetaspaceReclaimPolicy: balanced
 - commit_granule_bytes: 65536.
 - commit_granule_words: 8192.
 - virtual_space_node_default_size: 1048576.
 - enlarge_chunks_in_place: 1.
 - new_chunks_are_fully_committed: 0.
 - uncommit_free_chunks: 1.
 - use_allocation_guard: 0.
 - handle_deallocations: 1.


Internal statistics:

num_allocs_failed_limit: 0.
num_arena_births: 10.
num_arena_deaths: 0.
num_vsnodes_births: 2.
num_vsnodes_deaths: 0.
num_space_committed: 61.
num_space_uncommitted: 0.
num_chunks_returned_to_freelist: 0.
num_chunks_taken_from_freelist: 76.
num_chunk_merges: 0.
num_chunk_splits: 49.
num_chunks_enlarged: 45.
num_purges: 0.
num_inconsistent_stats: 0.

CodeHeap 'non-profiled nmethods': size=120000Kb used=559Kb max_used=559Kb free=119440Kb
 bounds [0x0000027d07ad0000, 0x0000027d07d40000, 0x0000027d0f000000]
CodeHeap 'profiled nmethods': size=120000Kb used=2667Kb max_used=2667Kb free=117332Kb
 bounds [0x0000027d005a0000, 0x0000027d00840000, 0x0000027d07ad0000]
CodeHeap 'non-nmethods': size=5760Kb used=1146Kb max_used=1172Kb free=4613Kb
 bounds [0x0000027d00000000, 0x0000027d00270000, 0x0000027d005a0000]
 total_blobs=1741 nmethods=1304 adapters=351
 compilation: enabled
              stopped_count=0, restarted_count=0
 full_count=0

Compilation events (20 events):
Event: 2.784 Thread 0x0000027d7f6339c0 1309       3       org.objectweb.asm.tree.ClassNode::<init> (50 bytes)
Event: 2.785 Thread 0x0000027d7f6339c0 nmethod 1309 0x0000027d00833f10 code [0x0000027d00834180, 0x0000027d00834dc8]
Event: 2.787 Thread 0x0000027d7f6339c0 1311   !   3       org.objectweb.asm.ClassReader::readStream (108 bytes)
Event: 2.788 Thread 0x0000027d7f6339c0 nmethod 1311 0x0000027d00835110 code [0x0000027d00835380, 0x0000027d00836108]
Event: 2.788 Thread 0x0000027d7f6339c0 1310       3       org.objectweb.asm.ClassReader::<init> (10 bytes)
Event: 2.788 Thread 0x0000027d7f6339c0 nmethod 1310 0x0000027d00836610 code [0x0000027d008367c0, 0x0000027d00836a18]
Event: 2.791 Thread 0x0000027d7f6339c0 1312       3       com.google.common.base.Preconditions::checkArgument (17 bytes)
Event: 2.792 Thread 0x0000027d7f6339c0 nmethod 1312 0x0000027d00836b90 code [0x0000027d00836d60, 0x0000027d008370d8]
Event: 2.795 Thread 0x0000027d7f6339c0 1313       3       org.objectweb.asm.Type::hashCode (68 bytes)
Event: 2.796 Thread 0x0000027d7f6339c0 nmethod 1313 0x0000027d00837210 code [0x0000027d00837420, 0x0000027d00837b58]
Event: 2.796 Thread 0x0000027d7f6339c0 1314       3       org.objectweb.asm.Attribute::putAttributes (78 bytes)
Event: 2.796 Thread 0x0000027d7f6339c0 nmethod 1314 0x0000027d00837e90 code [0x0000027d008380e0, 0x0000027d00838618]
Event: 2.796 Thread 0x0000027d7f6339c0 1315       3       java.io.FileOutputStream::write (20 bytes)
Event: 2.797 Thread 0x0000027d7f6339c0 nmethod 1315 0x0000027d00838910 code [0x0000027d00838ac0, 0x0000027d00838c88]
Event: 2.808 Thread 0x0000027d7f6339c0 1316   !   3       jdk.internal.loader.URLClassPath::check (125 bytes)
Event: 2.809 Thread 0x0000027d7f6339c0 nmethod 1316 0x0000027d00838d90 code [0x0000027d00839040, 0x0000027d0083a028]
Event: 2.809 Thread 0x0000027d7f6339c0 1317       3       jdk.internal.jimage.ImageBufferCache::getCapacity (21 bytes)
Event: 2.809 Thread 0x0000027d7f6339c0 nmethod 1317 0x0000027d0083a410 code [0x0000027d0083a5c0, 0x0000027d0083a8e8]
Event: 2.813 Thread 0x0000027d7f6339c0 1318       3       java.util.HashMap::isEmpty (13 bytes)
Event: 2.813 Thread 0x0000027d7f6339c0 nmethod 1318 0x0000027d0083aa10 code [0x0000027d0083aba0, 0x0000027d0083ad18]

GC Heap History (17 events):
Event: 0.471 GC heap before
{Heap before GC invocations=0 (full 0):
 garbage-first heap   total 63488K, used 13312K [0x00000000c2c00000, 0x0000000100000000)
  region size 1024K, 13 young (13312K), 0 survivors (0K)
 Metaspace       used 801K, committed 960K, reserved 1056768K
  class space    used 61K, committed 128K, reserved 1048576K
}
Event: 0.489 GC heap after
{Heap after GC invocations=1 (full 0):
 garbage-first heap   total 63488K, used 11544K [0x00000000c2c00000, 0x0000000100000000)
  region size 1024K, 2 young (2048K), 2 survivors (2048K)
 Metaspace       used 801K, committed 960K, reserved 1056768K
  class space    used 61K, committed 128K, reserved 1048576K
}
Event: 0.602 GC heap before
{Heap before GC invocations=1 (full 0):
 garbage-first heap   total 63488K, used 19736K [0x00000000c2c00000, 0x0000000100000000)
  region size 1024K, 9 young (9216K), 2 survivors (2048K)
 Metaspace       used 905K, committed 1088K, reserved 1056768K
  class space    used 66K, committed 128K, reserved 1048576K
}
Event: 0.617 GC heap after
{Heap after GC invocations=2 (full 0):
 garbage-first heap   total 63488K, used 19456K [0x00000000c2c00000, 0x0000000100000000)
  region size 1024K, 2 young (2048K), 2 survivors (2048K)
 Metaspace       used 905K, committed 1088K, reserved 1056768K
  class space    used 66K, committed 128K, reserved 1048576K
}
Event: 0.676 GC heap before
{Heap before GC invocations=2 (full 0):
 garbage-first heap   total 63488K, used 29696K [0x00000000c2c00000, 0x0000000100000000)
  region size 1024K, 12 young (12288K), 2 survivors (2048K)
 Metaspace       used 1012K, committed 1152K, reserved 1056768K
  class space    used 76K, committed 128K, reserved 1048576K
}
Event: 0.689 GC heap after
{Heap after GC invocations=3 (full 0):
 garbage-first heap   total 63488K, used 21992K [0x00000000c2c00000, 0x0000000100000000)
  region size 1024K, 2 young (2048K), 2 survivors (2048K)
 Metaspace       used 1012K, committed 1152K, reserved 1056768K
  class space    used 76K, committed 128K, reserved 1048576K
}
Event: 0.711 GC heap before
{Heap before GC invocations=3 (full 0):
 garbage-first heap   total 63488K, used 32232K [0x00000000c2c00000, 0x0000000100000000)
  region size 1024K, 12 young (12288K), 2 survivors (2048K)
 Metaspace       used 1012K, committed 1152K, reserved 1056768K
  class space    used 76K, committed 128K, reserved 1048576K
}
Event: 0.717 GC heap after
{Heap after GC invocations=4 (full 0):
 garbage-first heap   total 63488K, used 23549K [0x00000000c2c00000, 0x0000000100000000)
  region size 1024K, 2 young (2048K), 2 survivors (2048K)
 Metaspace       used 1012K, committed 1152K, reserved 1056768K
  class space    used 76K, committed 128K, reserved 1048576K
}
Event: 0.749 GC heap before
{Heap before GC invocations=4 (full 0):
 garbage-first heap   total 63488K, used 35837K [0x00000000c2c00000, 0x0000000100000000)
  region size 1024K, 14 young (14336K), 2 survivors (2048K)
 Metaspace       used 1012K, committed 1152K, reserved 1056768K
  class space    used 76K, committed 128K, reserved 1048576K
}
Event: 0.761 GC heap after
{Heap after GC invocations=5 (full 0):
 garbage-first heap   total 130048K, used 25305K [0x00000000c2c00000, 0x0000000100000000)
  region size 1024K, 2 young (2048K), 2 survivors (2048K)
 Metaspace       used 1012K, committed 1152K, reserved 1056768K
  class space    used 76K, committed 128K, reserved 1048576K
}
Event: 0.922 GC heap before
{Heap before GC invocations=5 (full 0):
 garbage-first heap   total 130048K, used 66265K [0x00000000c2c00000, 0x0000000100000000)
  region size 1024K, 42 young (43008K), 2 survivors (2048K)
 Metaspace       used 1012K, committed 1152K, reserved 1056768K
  class space    used 76K, committed 128K, reserved 1048576K
}
Event: 0.934 GC heap after
{Heap after GC invocations=6 (full 0):
 garbage-first heap   total 130048K, used 30598K [0x00000000c2c00000, 0x0000000100000000)
  region size 1024K, 6 young (6144K), 6 survivors (6144K)
 Metaspace       used 1012K, committed 1152K, reserved 1056768K
  class space    used 76K, committed 128K, reserved 1048576K
}
Event: 1.028 GC heap before
{Heap before GC invocations=6 (full 0):
 garbage-first heap   total 130048K, used 81798K [0x00000000c2c00000, 0x0000000100000000)
  region size 1024K, 56 young (57344K), 6 survivors (6144K)
 Metaspace       used 1012K, committed 1152K, reserved 1056768K
  class space    used 76K, committed 128K, reserved 1048576K
}
Event: 1.048 GC heap after
{Heap after GC invocations=7 (full 0):
 garbage-first heap   total 130048K, used 37761K [0x00000000c2c00000, 0x0000000100000000)
  region size 1024K, 7 young (7168K), 7 survivors (7168K)
 Metaspace       used 1012K, committed 1152K, reserved 1056768K
  class space    used 76K, committed 128K, reserved 1048576K
}
Event: 1.847 GC heap before
{Heap before GC invocations=7 (full 0):
 garbage-first heap   total 130048K, used 94081K [0x00000000c2c00000, 0x0000000100000000)
  region size 1024K, 54 young (55296K), 7 survivors (7168K)
 Metaspace       used 2243K, committed 2368K, reserved 1056768K
  class space    used 200K, committed 256K, reserved 1048576K
}
Event: 1.869 GC heap after
{Heap after GC invocations=8 (full 0):
 garbage-first heap   total 130048K, used 53544K [0x00000000c2c00000, 0x0000000100000000)
  region size 1024K, 7 young (7168K), 7 survivors (7168K)
 Metaspace       used 2243K, committed 2368K, reserved 1056768K
  class space    used 200K, committed 256K, reserved 1048576K
}
Event: 2.818 GC heap before
{Heap before GC invocations=8 (full 0):
 garbage-first heap   total 130048K, used 92456K [0x00000000c2c00000, 0x0000000100000000)
  region size 1024K, 45 young (46080K), 7 survivors (7168K)
 Metaspace       used 3816K, committed 3904K, reserved 1056768K
  class space    used 331K, committed 384K, reserved 1048576K
}

Deoptimization events (20 events):
Event: 1.834 Thread 0x0000027d761c0930 DEOPT PACKING pc=0x0000027d006dd262 sp=0x000000b425dfea60
Event: 1.834 Thread 0x0000027d761c0930 DEOPT UNPACKING pc=0x0000027d00052b24 sp=0x000000b425dfdec8 mode 0
Event: 1.903 Thread 0x0000027d761c0930 Uncommon trap: trap_request=0xffffff45 fr.pc=0x0000027d07b0bfe8 relative=0x0000000000000688
Event: 1.903 Thread 0x0000027d761c0930 Uncommon trap: reason=unstable_if action=reinterpret pc=0x0000027d07b0bfe8 method=java.util.HashMap.putVal(ILjava/lang/Object;Ljava/lang/Object;ZZ)Ljava/lang/Object; @ 181 c2
Event: 1.903 Thread 0x0000027d761c0930 DEOPT PACKING pc=0x0000027d07b0bfe8 sp=0x000000b425dfe5a0
Event: 1.903 Thread 0x0000027d761c0930 DEOPT UNPACKING pc=0x0000027d0005239d sp=0x000000b425dfe540 mode 2
Event: 2.069 Thread 0x0000027d761c0930 Uncommon trap: trap_request=0xffffff45 fr.pc=0x0000027d07b2d428 relative=0x0000000000001108
Event: 2.069 Thread 0x0000027d761c0930 Uncommon trap: reason=unstable_if action=reinterpret pc=0x0000027d07b2d428 method=java.util.HashMap.putVal(ILjava/lang/Object;Ljava/lang/Object;ZZ)Ljava/lang/Object; @ 181 c2
Event: 2.069 Thread 0x0000027d761c0930 DEOPT PACKING pc=0x0000027d07b2d428 sp=0x000000b425dfc590
Event: 2.069 Thread 0x0000027d761c0930 DEOPT UNPACKING pc=0x0000027d0005239d sp=0x000000b425dfc4e8 mode 2
Event: 2.076 Thread 0x0000027d761c0930 Uncommon trap: trap_request=0xffffff45 fr.pc=0x0000027d07afb3cc relative=0x000000000000174c
Event: 2.076 Thread 0x0000027d761c0930 Uncommon trap: reason=unstable_if action=reinterpret pc=0x0000027d07afb3cc method=java.lang.String.split(Ljava/lang/String;I)[Ljava/lang/String; @ 209 c2
Event: 2.076 Thread 0x0000027d761c0930 DEOPT PACKING pc=0x0000027d07afb3cc sp=0x000000b425dfd1d0
Event: 2.076 Thread 0x0000027d761c0930 DEOPT UNPACKING pc=0x0000027d0005239d sp=0x000000b425dfd190 mode 2
Event: 2.279 Thread 0x0000027d761c0930 DEOPT PACKING pc=0x0000027d005d0777 sp=0x000000b425dfe410
Event: 2.279 Thread 0x0000027d761c0930 DEOPT UNPACKING pc=0x0000027d00052b24 sp=0x000000b425dfd8d0 mode 0
Event: 2.617 Thread 0x0000027d761c0930 Uncommon trap: trap_request=0xffffff45 fr.pc=0x0000027d07b3b544 relative=0x0000000000000684
Event: 2.617 Thread 0x0000027d761c0930 Uncommon trap: reason=unstable_if action=reinterpret pc=0x0000027d07b3b544 method=org.objectweb.asm.ClassReader.readUtf(II[C)Ljava/lang/String; @ 41 c2
Event: 2.617 Thread 0x0000027d761c0930 DEOPT PACKING pc=0x0000027d07b3b544 sp=0x000000b425dfdc30
Event: 2.617 Thread 0x0000027d761c0930 DEOPT UNPACKING pc=0x0000027d0005239d sp=0x000000b425dfdb48 mode 2

Classes unloaded (0 events):
No events

Classes redefined (0 events):
No events

Internal exceptions (2 events):
Event: 0.551 Thread 0x0000027d761c0930 Implicit null exception at 0x0000027d07ae4957 to 0x0000027d07ae4be0
Event: 1.728 Thread 0x0000027d761c0930 Exception <a 'java/lang/NoSuchMethodError'{0x00000000c7f4b4a0}: 'java.lang.Object java.lang.invoke.DirectMethodHandle$Holder.invokeStatic(java.lang.Object, int, java.lang.Object)'> (0x00000000c7f4b4a0) 
thrown [e:\jenkins\tmp\workspace\build\src\src\hotspot\share\interpreter\linkResolver.cpp, line 766]

VM Operations (20 events):
Event: 0.934 Executing VM operation: G1CollectForAllocation done
Event: 1.027 Executing VM operation: G1CollectForAllocation
Event: 1.048 Executing VM operation: G1CollectForAllocation done
Event: 1.656 Executing VM operation: HandshakeAllThreads
Event: 1.656 Executing VM operation: HandshakeAllThreads done
Event: 1.792 Executing VM operation: HandshakeAllThreads
Event: 1.792 Executing VM operation: HandshakeAllThreads done
Event: 1.846 Executing VM operation: G1CollectForAllocation
Event: 1.869 Executing VM operation: G1CollectForAllocation done
Event: 1.915 Executing VM operation: HandshakeAllThreads
Event: 1.915 Executing VM operation: HandshakeAllThreads done
Event: 1.916 Executing VM operation: HandshakeAllThreads
Event: 1.916 Executing VM operation: HandshakeAllThreads done
Event: 2.133 Executing VM operation: HandshakeAllThreads
Event: 2.133 Executing VM operation: HandshakeAllThreads done
Event: 2.151 Executing VM operation: HandshakeAllThreads
Event: 2.151 Executing VM operation: HandshakeAllThreads done
Event: 2.604 Executing VM operation: ICBufferFull
Event: 2.604 Executing VM operation: ICBufferFull done
Event: 2.817 Executing VM operation: G1CollectForAllocation

Events (20 events):
Event: 2.131 loading class sun/net/www/protocol/jrt/Handler done
Event: 2.131 loading class sun/net/www/protocol/jrt/JavaRuntimeURLConnection
Event: 2.131 loading class sun/net/www/protocol/jrt/JavaRuntimeURLConnection done
Event: 2.133 loading class sun/net/www/protocol/jrt/JavaRuntimeURLConnection$1
Event: 2.133 loading class sun/net/www/protocol/jrt/JavaRuntimeURLConnection$1 done
Event: 2.133 loading class jdk/internal/jimage/ImageBufferCache
Event: 2.134 loading class jdk/internal/jimage/ImageBufferCache done
Event: 2.134 loading class jdk/internal/jimage/ImageBufferCache$1
Event: 2.134 loading class jdk/internal/jimage/ImageBufferCache$1 done
Event: 2.134 loading class jdk/internal/jimage/ImageBufferCache$2
Event: 2.134 loading class jdk/internal/jimage/ImageBufferCache$2 done
Event: 2.134 loading class java/util/AbstractMap$SimpleEntry
Event: 2.134 loading class java/util/AbstractMap$SimpleEntry done
Event: 2.157 loading class java/util/Stack
Event: 2.158 loading class java/util/Stack done
Event: 2.164 loading class java/lang/TypeNotPresentException
Event: 2.165 loading class java/lang/TypeNotPresentException done
Event: 2.232 loading class java/lang/NoSuchFieldError
Event: 2.232 loading class java/lang/NoSuchFieldError done
Event: 2.288 Thread 0x0000027d7f631b60 Thread added: 0x0000027d7f631b60


Dynamic libraries:
0x00007ff7fce30000 - 0x00007ff7fce3e000 	C:\Users\Ace\Desktop\MCT22\jdk\bin\java.exe
0x00007ffb26270000 - 0x00007ffb26468000 	C:\Windows\SYSTEM32\ntdll.dll
0x00007ffb242c0000 - 0x00007ffb2437d000 	C:\Windows\System32\KERNEL32.DLL
0x00007ffb23d30000 - 0x00007ffb24002000 	C:\Windows\System32\KERNELBASE.dll
0x00007ffb24170000 - 0x00007ffb24270000 	C:\Windows\System32\ucrtbase.dll
0x00007ffb1b1f0000 - 0x00007ffb1b208000 	C:\Users\Ace\Desktop\MCT22\jdk\bin\jli.dll
0x00007ffb12040000 - 0x00007ffb12059000 	C:\Users\Ace\Desktop\MCT22\jdk\bin\VCRUNTIME140.dll
0x00007ffb24b60000 - 0x00007ffb24cfd000 	C:\Windows\System32\USER32.dll
0x00007ffb0e3d0000 - 0x00007ffb0e66a000 	C:\Windows\WinSxS\amd64_microsoft.windows.common-controls_6595b64144ccf1df_6.0.19041.1110_none_60b5254171f9507e\COMCTL32.dll
0x00007ffb26190000 - 0x00007ffb2622e000 	C:\Windows\System32\msvcrt.dll
0x00007ffb239e0000 - 0x00007ffb23a02000 	C:\Windows\System32\win32u.dll
0x00007ffb26160000 - 0x00007ffb2618b000 	C:\Windows\System32\GDI32.dll
0x00007ffb23c20000 - 0x00007ffb23d2f000 	C:\Windows\System32\gdi32full.dll
0x00007ffb24010000 - 0x00007ffb240ad000 	C:\Windows\System32\msvcp_win.dll
0x00007ffb25610000 - 0x00007ffb25642000 	C:\Windows\System32\IMM32.DLL
0x00007ffb1eb40000 - 0x00007ffb1eb4c000 	C:\Users\Ace\Desktop\MCT22\jdk\bin\vcruntime140_1.dll
0x00007ffb11fa0000 - 0x00007ffb12031000 	C:\Users\Ace\Desktop\MCT22\jdk\bin\msvcp140.dll
0x00007ffade6b0000 - 0x00007ffadf2f8000 	C:\Users\Ace\Desktop\MCT22\jdk\bin\server\jvm.dll
0x00007ffb260b0000 - 0x00007ffb2615e000 	C:\Windows\System32\ADVAPI32.dll
0x00007ffb257a0000 - 0x00007ffb2583c000 	C:\Windows\System32\sechost.dll
0x00007ffb24d70000 - 0x00007ffb24e95000 	C:\Windows\System32\RPCRT4.dll
0x00007ffb24630000 - 0x00007ffb24638000 	C:\Windows\System32\PSAPI.DLL
0x00007ffb0a330000 - 0x00007ffb0a339000 	C:\Windows\SYSTEM32\WSOCK32.dll
0x00007ffb24790000 - 0x00007ffb247fb000 	C:\Windows\System32\WS2_32.dll
0x00007ffb1a6a0000 - 0x00007ffb1a6c7000 	C:\Windows\SYSTEM32\WINMM.dll
0x00007ffb1c930000 - 0x00007ffb1c93a000 	C:\Windows\SYSTEM32\VERSION.dll
0x00007ffb221c0000 - 0x00007ffb221d2000 	C:\Windows\SYSTEM32\kernel.appcore.dll
0x00007ffb1eb20000 - 0x00007ffb1eb2a000 	C:\Users\Ace\Desktop\MCT22\jdk\bin\jimage.dll
0x00007ffb21730000 - 0x00007ffb21914000 	C:\Windows\SYSTEM32\DBGHELP.DLL
0x00007ffb0a550000 - 0x00007ffb0a57c000 	C:\Windows\SYSTEM32\dbgcore.DLL
0x00007ffb240b0000 - 0x00007ffb24132000 	C:\Windows\System32\bcryptPrimitives.dll
0x00007ffb11d50000 - 0x00007ffb11d75000 	C:\Users\Ace\Desktop\MCT22\jdk\bin\java.dll
0x00007ffb10c00000 - 0x00007ffb10cd6000 	C:\Users\Ace\Desktop\MCT22\jdk\bin\jsvml.dll
0x00007ffb25840000 - 0x00007ffb25f83000 	C:\Windows\System32\SHELL32.dll
0x00007ffb21920000 - 0x00007ffb220b1000 	C:\Windows\SYSTEM32\windows.storage.dll
0x00007ffb24800000 - 0x00007ffb24b54000 	C:\Windows\System32\combase.dll
0x00007ffb232f0000 - 0x00007ffb23320000 	C:\Windows\SYSTEM32\Wldp.dll
0x00007ffb250f0000 - 0x00007ffb2519d000 	C:\Windows\System32\SHCORE.dll
0x00007ffb25090000 - 0x00007ffb250e5000 	C:\Windows\System32\shlwapi.dll
0x00007ffb238b0000 - 0x00007ffb238cf000 	C:\Windows\SYSTEM32\profapi.dll
0x00007ffb11bb0000 - 0x00007ffb11bc9000 	C:\Users\Ace\Desktop\MCT22\jdk\bin\net.dll
0x00007ffb18200000 - 0x00007ffb1830c000 	C:\Windows\SYSTEM32\WINHTTP.dll
0x00007ffb23050000 - 0x00007ffb230ba000 	C:\Windows\system32\mswsock.dll
0x00007ffb11b20000 - 0x00007ffb11b35000 	C:\Users\Ace\Desktop\MCT22\jdk\bin\nio.dll
0x00007ffb11b00000 - 0x00007ffb11b18000 	C:\Users\Ace\Desktop\MCT22\jdk\bin\zip.dll
0x00007ffb11670000 - 0x00007ffb11680000 	C:\Users\Ace\Desktop\MCT22\jdk\bin\verify.dll

dbghelp: loaded successfully - version: 4.0.5 - missing functions: none
symbol engine: initialized successfully - sym options: 0x614 - pdb path: .;C:\Users\Ace\Desktop\MCT22\jdk\bin;C:\Windows\SYSTEM32;C:\Windows\WinSxS\amd64_microsoft.windows.common-controls_6595b64144ccf1df_6.0.19041.1110_none_60b5254171f9507e;C:\Users\Ace\Desktop\MCT22\jdk\bin\server

VM Arguments:
jvm_args: -Dfile.encoding=UTF-8 -Duser.country=US -Duser.language=en -Duser.variant 
java_command: net.md_5.specialsource.SpecialSource --in-jar D:\Ace\NEI\build\libs\modid-1.0.jar --out-jar D:\Ace\NEI\build\reobfJar\output.jar --srg-in D:\Ace\NEI\build\createMcpToSrg\output.tsrg --live
java_class_path (initial): C:\Users\Ace\.mcreator\gradle\caches\forge_gradle\maven_downloader\net\md-5\SpecialSource\1.11.0\SpecialSource-1.11.0-shaded.jar;D:\Ace\NEI\build\fg_cache\net\minecraftforge\forge\1.18.2-40.1.0_mapped_official_1.18.2\forge-1.18.2-40.1.0_mapped_official_1.18.2.jar;C:\Users\Ace\.mcreator\gradle\caches\forge_gradle\minecraft_repo\versions\1.18.2\client-extra.jar;C:\Users\Ace\.mcreator\gradle\caches\modules-2\files-2.1\net.minecraftforge\fmlloader\1.18.2-40.1.0\842aac12c6cbd1b6dc9dd9ae4e98038e70a2b832\fmlloader-1.18.2-40.1.0.jar;C:\Users\Ace\.mcreator\gradle\caches\modules-2\files-2.1\com.google.guava\guava\31.0.1-jre\119ea2b2bc205b138974d351777b20f02b92704b\guava-31.0.1-jre.jar;C:\Users\Ace\.mcreator\gradle\caches\modules-2\files-2.1\com.google.code.findbugs\jsr305\3.0.2\25ea2e8b0c338a877313bd4672d3fe056ea78f0d\jsr305-3.0.2.jar;C:\Users\Ace\.mcreator\gradle\caches\modules-2\files-2.1\ca.weblite\java-objc-bridge\1.0.0\6ef160c3133a78de015830860197602ca1c855d3\java-objc-bridge-1.0.0.jar;C:\Users\Ace\.mcreator\gradle\caches\modules-2\files-2.1\net.minecraftforge\mergetool\1.1.3\d7d4b6eac7f49c59255c8ac25190802c29ac9a4a\mergetool-1.1.3-api.jar;C:\Users\Ace\.mcreator\gradle\caches\modules-2\files-2.1\org.jetbrains\annotations\23.0.0\8cc20c07506ec18e0834947b84a864bfc094484e\annotations-23.0.0.jar;C:\Users\Ace\.mcreator\gradle\caches\forge_gradle\mcp_repo\net\minecraft\mapping\1.18.2\mapping-1.18.2-mapping.zip;C:\Users\Ace\.mcreator\gradle\caches\modules-2\files-2.1\cpw.mods\securejarhandler\1.0.3\acbf5e3c8a38fb8bf824a54fe45eee121c510392\securejarhandler-1.0.3.jar;C:\Users\Ace\.mcreator\gradle\caches\modules-2\files-2.1\cpw.mods\modlauncher\9.1.3\7339d0e87813c366d706c3fdba479455e2283ecd\modlauncher-9.1.3.jar;C:\Users\Ace\.mcreator\gradle\caches\modules-2\files-2.1\org.openjdk.nashorn\nashorn-core\15.3\43977e804697048fc8d81d333a36c17d07a5b3dd\nashorn-core-15.3.jar;C:\Users\Ace\.mcreator\gradle\caches\modules-2\files-2.1\org.ow2.asm\asm-commons\9.2\f4
Launcher Type: SUN_STANDARD

[Global flags]
     intx CICompilerCount                          = 3                                         {product} {ergonomic}
     uint ConcGCThreads                            = 1                                         {product} {ergonomic}
     uint G1ConcRefinementThreads                  = 4                                         {product} {ergonomic}
   size_t G1HeapRegionSize                         = 1048576                                   {product} {ergonomic}
    uintx GCDrainStackTargetSize                   = 64                                        {product} {ergonomic}
   size_t InitialHeapSize                          = 65011712                                  {product} {ergonomic}
   size_t MarkStackSize                            = 4194304                                   {product} {ergonomic}
   size_t MaxHeapSize                              = 1027604480                                {product} {ergonomic}
   size_t MaxNewSize                               = 616562688                                 {product} {ergonomic}
   size_t MinHeapDeltaBytes                        = 1048576                                   {product} {ergonomic}
   size_t MinHeapSize                              = 8388608                                   {product} {ergonomic}
    uintx NonNMethodCodeHeapSize                   = 5832780                                {pd product} {ergonomic}
    uintx NonProfiledCodeHeapSize                  = 122912730                              {pd product} {ergonomic}
    uintx ProfiledCodeHeapSize                     = 122912730                              {pd product} {ergonomic}
    uintx ReservedCodeCacheSize                    = 251658240                              {pd product} {ergonomic}
     bool SegmentedCodeCache                       = true                                      {product} {ergonomic}
   size_t SoftMaxHeapSize                          = 1027604480                             {manageable} {ergonomic}
     bool UseCompressedClassPointers               = true                           {product lp64_product} {ergonomic}
     bool UseCompressedOops                        = true                           {product lp64_product} {ergonomic}
     bool UseG1GC                                  = true                                      {product} {ergonomic}
     bool UseLargePagesIndividualAllocation        = false                                  {pd product} {ergonomic}

Logging:
Log output configuration:
 #0: stdout all=warning uptime,level,tags
 #1: stderr all=off uptime,level,tags

Environment Variables:
JAVA_HOME=C:\Users\Ace\Desktop\MCT22\jdk
PATH=C:\Program Files\Eclipse Adoptium\jdk-17.0.5.8-hotspot\bin;C:\Windows\system32;C:\Windows;C:\Windows\System32\Wbem;C:\Windows\System32\WindowsPowerShell\v1.0\;C:\Windows\System32\OpenSSH\;C:\Ava\LFS\;D:\Git\cmd;C:\Users\Ace\AppData\Local\Microsoft\WindowsApps;C:\Users\Ace\AppData\Local\GitHubDesktop\bin;C:\Users\Ace\Desktop\MCT22\jdk\bin
USERNAME=Ace
OS=Windows_NT
PROCESSOR_IDENTIFIER=Intel64 Family 6 Model 122 Stepping 8, GenuineIntel



---------------  S Y S T E M  ---------------

OS:
 Windows 10 , 64 bit Build 19041 (10.0.19041.1889)
OS uptime: 0 days 11:02 hours

CPU: total 4 (initial active 4) (4 cores per cpu, 1 threads per core) family 6 model 122 stepping 8 microcode 0x20, cx8, cmov, fxsr, mmx, 3dnowpref, sse, sse2, sse3, ssse3, sse4.1, sse4.2, popcnt, tsc, tscinvbit, aes, erms, clmul, sha, clflush, clflushopt

Memory: 4k page, system-wide physical 3913M (773M free)
TotalPageFile size 11286M (AvailPageFile size 38M)
current process WorkingSet (physical memory assigned to process): 202M, peak: 203M
current process commit charge ("private bytes"): 248M, peak: 379M

vm_info: OpenJDK 64-Bit Server VM (17.0.3+7) for windows-amd64 JRE (17.0.3+7), built on Apr 19 2022 16:55:35 by "" with MS VC++ 16.7 (VS2019)

END.
