#
# There is insufficient memory for the Java Runtime Environment to continue.
# Native memory allocation (mmap) failed to map 1015808 bytes for G1 virtual space
# Possible reasons:
#   The system is out of physical RAM or swap space
#   The process is running with CompressedOops enabled, and the Java Heap may be blocking the growth of the native heap
# Possible solutions:
#   Reduce memory load on the system
#   Increase physical memory or swap space
#   Check if swap backing store is full
#   Decrease Java heap size (-Xmx/-Xms)
#   Decrease number of Java threads
#   Decrease Java thread stack sizes (-Xss)
#   Set larger code cache with -XX:ReservedCodeCacheSize=
#   JVM is running with Unscaled Compressed Oops mode in which the Java heap is
#     placed in the first 4GB address space. The Java Heap base address is the
#     maximum limit for the native heap growth. Please use -XX:HeapBaseMinAddress
#     to set the Java Heap base and to place the Java Heap above 4GB virtual address.
# This output file may be truncated or incomplete.
#
#  Out of Memory Error (os_windows.cpp:3535), pid=12436, tid=14652
#
# JRE version:  (17.0.3+7) (build )
# Java VM: OpenJDK 64-Bit Server VM (17.0.3+7, mixed mode, sharing, tiered, compressed oops, compressed class ptrs, g1 gc, windows-amd64)
# No core dump will be written. Minidumps are not enabled by default on client versions of Windows
#

---------------  S U M M A R Y ------------

Command Line: -Dfile.encoding=UTF-8 -Duser.country=US -Duser.language=en -Duser.variant net.md_5.specialsource.SpecialSource --in-jar D:\Ace\NEI\build\libs\modid-1.0.jar --out-jar D:\Ace\NEI\build\reobfJar\output.jar --srg-in D:\Ace\NEI\build\createMcpToSrg\output.tsrg --live

Host: Intel(R) Celeron(R) N4120 CPU @ 1.10GHz, 4 cores, 3G,  Windows 10 , 64 bit Build 19041 (10.0.19041.1889)
Time: Fri Nov  4 23:24:45 2022 Eastern Daylight Time elapsed time: 0.021573 seconds (0d 0h 0m 0s)

---------------  T H R E A D  ---------------

Current thread (0x000001acfddd25d0):  JavaThread "Unknown thread" [_thread_in_vm, id=14652, stack(0x0000008989600000,0x0000008989700000)]

Stack: [0x0000008989600000,0x0000008989700000]
Native frames: (J=compiled Java code, j=interpreted, Vv=VM code, C=native code)
V  [jvm.dll+0x675efa]
V  [jvm.dll+0x830a24]
V  [jvm.dll+0x8321ce]
V  [jvm.dll+0x832833]
V  [jvm.dll+0x2454b5]
V  [jvm.dll+0x672de9]
V  [jvm.dll+0x667732]
V  [jvm.dll+0x3043ab]
V  [jvm.dll+0x30b8f6]
V  [jvm.dll+0x35b643]
V  [jvm.dll+0x35b85f]
V  [jvm.dll+0x2db248]
V  [jvm.dll+0x2dc1b4]
V  [jvm.dll+0x802651]
V  [jvm.dll+0x3693b1]
V  [jvm.dll+0x7e1aac]
V  [jvm.dll+0x3ebd8f]
V  [jvm.dll+0x3ed911]
C  [jli.dll+0x5277]
C  [ucrtbase.dll+0x21bb2]
C  [KERNEL32.DLL+0x17034]
C  [ntdll.dll+0x526a1]


---------------  P R O C E S S  ---------------

Threads class SMR info:
_java_thread_list=0x00007ffadf1c6e98, length=0, elements={
}

Java Threads: ( => current thread )

Other Threads:
  0x000001acfde0c520 GCTaskThread "GC Thread#0" [stack: 0x0000008989700000,0x0000008989800000] [id=1572]
  0x000001acfde16e10 ConcurrentGCThread "G1 Main Marker" [stack: 0x0000008989800000,0x0000008989900000] [id=14740]
  0x000001acfde17ed0 ConcurrentGCThread "G1 Conc#0" [stack: 0x0000008989900000,0x0000008989a00000] [id=2956]

[error occurred during error reporting (printing all threads), id 0xc0000005, EXCEPTION_ACCESS_VIOLATION (0xc0000005) at pc=0x00007ffade99bcd7]

VM state: not at safepoint (not fully initialized)

VM Mutex/Monitor currently owned by a thread:  ([mutex/lock_event])
[0x000001acfddce030] Heap_lock - owner thread: 0x000001acfddd25d0

Heap address: 0x00000000c2c00000, size: 980 MB, Compressed Oops mode: 32-bit

CDS archive(s) mapped at: [0x0000000000000000-0x0000000000000000-0x0000000000000000), size 0, SharedBaseAddress: 0x0000000800000000, ArchiveRelocationMode: 0.
Narrow klass base: 0x0000000000000000, Narrow klass shift: 0, Narrow klass range: 0x0

GC Precious Log:
<Empty>

Heap:
 garbage-first heap   total 0K, used 0K [0x00000000c2c00000, 0x0000000100000000)
  region size 1024K, 0 young (0K), 0 survivors (0K)

[error occurred during error reporting (printing heap information), id 0xc0000005, EXCEPTION_ACCESS_VIOLATION (0xc0000005) at pc=0x00007ffaded7f249]

GC Heap History (0 events):
No events

Deoptimization events (0 events):
No events

Classes unloaded (0 events):
No events

Classes redefined (0 events):
No events

Internal exceptions (0 events):
No events

VM Operations (0 events):
No events

Events (1 events):
Event: 0.010 Loaded shared library C:\Users\Ace\Desktop\MCT22\jdk\bin\java.dll


Dynamic libraries:
0x00007ff7fce30000 - 0x00007ff7fce3e000 	C:\Users\Ace\Desktop\MCT22\jdk\bin\java.exe
0x00007ffb26270000 - 0x00007ffb26468000 	C:\Windows\SYSTEM32\ntdll.dll
0x00007ffb242c0000 - 0x00007ffb2437d000 	C:\Windows\System32\KERNEL32.DLL
0x00007ffb23d30000 - 0x00007ffb24002000 	C:\Windows\System32\KERNELBASE.dll
0x00007ffb24170000 - 0x00007ffb24270000 	C:\Windows\System32\ucrtbase.dll
0x00007ffb1b1f0000 - 0x00007ffb1b208000 	C:\Users\Ace\Desktop\MCT22\jdk\bin\jli.dll
0x00007ffb12040000 - 0x00007ffb12059000 	C:\Users\Ace\Desktop\MCT22\jdk\bin\VCRUNTIME140.dll
0x00007ffb24b60000 - 0x00007ffb24cfd000 	C:\Windows\System32\USER32.dll
0x00007ffb239e0000 - 0x00007ffb23a02000 	C:\Windows\System32\win32u.dll
0x00007ffb0e3d0000 - 0x00007ffb0e66a000 	C:\Windows\WinSxS\amd64_microsoft.windows.common-controls_6595b64144ccf1df_6.0.19041.1110_none_60b5254171f9507e\COMCTL32.dll
0x00007ffb26160000 - 0x00007ffb2618b000 	C:\Windows\System32\GDI32.dll
0x00007ffb26190000 - 0x00007ffb2622e000 	C:\Windows\System32\msvcrt.dll
0x00007ffb23c20000 - 0x00007ffb23d2f000 	C:\Windows\System32\gdi32full.dll
0x00007ffb24010000 - 0x00007ffb240ad000 	C:\Windows\System32\msvcp_win.dll
0x00007ffb25610000 - 0x00007ffb25642000 	C:\Windows\System32\IMM32.DLL
0x00007ffb1eb40000 - 0x00007ffb1eb4c000 	C:\Users\Ace\Desktop\MCT22\jdk\bin\vcruntime140_1.dll
0x00007ffb11fa0000 - 0x00007ffb12031000 	C:\Users\Ace\Desktop\MCT22\jdk\bin\msvcp140.dll
0x00007ffade6b0000 - 0x00007ffadf2f8000 	C:\Users\Ace\Desktop\MCT22\jdk\bin\server\jvm.dll
0x00007ffb260b0000 - 0x00007ffb2615e000 	C:\Windows\System32\ADVAPI32.dll
0x00007ffb257a0000 - 0x00007ffb2583c000 	C:\Windows\System32\sechost.dll
0x00007ffb24d70000 - 0x00007ffb24e95000 	C:\Windows\System32\RPCRT4.dll
0x00007ffb24630000 - 0x00007ffb24638000 	C:\Windows\System32\PSAPI.DLL
0x00007ffb0a330000 - 0x00007ffb0a339000 	C:\Windows\SYSTEM32\WSOCK32.dll
0x00007ffb1a6a0000 - 0x00007ffb1a6c7000 	C:\Windows\SYSTEM32\WINMM.dll
0x00007ffb1c930000 - 0x00007ffb1c93a000 	C:\Windows\SYSTEM32\VERSION.dll
0x00007ffb24790000 - 0x00007ffb247fb000 	C:\Windows\System32\WS2_32.dll
0x00007ffb221c0000 - 0x00007ffb221d2000 	C:\Windows\SYSTEM32\kernel.appcore.dll
0x00007ffb1eb20000 - 0x00007ffb1eb2a000 	C:\Users\Ace\Desktop\MCT22\jdk\bin\jimage.dll
0x00007ffb21730000 - 0x00007ffb21914000 	C:\Windows\SYSTEM32\DBGHELP.DLL
0x00007ffb0a550000 - 0x00007ffb0a57c000 	C:\Windows\SYSTEM32\dbgcore.DLL
0x00007ffb240b0000 - 0x00007ffb24132000 	C:\Windows\System32\bcryptPrimitives.dll
0x00007ffb11d50000 - 0x00007ffb11d75000 	C:\Users\Ace\Desktop\MCT22\jdk\bin\java.dll

dbghelp: loaded successfully - version: 4.0.5 - missing functions: none
symbol engine: initialized successfully - sym options: 0x614 - pdb path: .;C:\Users\Ace\Desktop\MCT22\jdk\bin;C:\Windows\SYSTEM32;C:\Windows\WinSxS\amd64_microsoft.windows.common-controls_6595b64144ccf1df_6.0.19041.1110_none_60b5254171f9507e;C:\Users\Ace\Desktop\MCT22\jdk\bin\server

VM Arguments:
jvm_args: -Dfile.encoding=UTF-8 -Duser.country=US -Duser.language=en -Duser.variant 
java_command: net.md_5.specialsource.SpecialSource --in-jar D:\Ace\NEI\build\libs\modid-1.0.jar --out-jar D:\Ace\NEI\build\reobfJar\output.jar --srg-in D:\Ace\NEI\build\createMcpToSrg\output.tsrg --live
java_class_path (initial): C:\Users\Ace\.mcreator\gradle\caches\forge_gradle\maven_downloader\net\md-5\SpecialSource\1.11.0\SpecialSource-1.11.0-shaded.jar;D:\Ace\NEI\build\fg_cache\net\minecraftforge\forge\1.18.2-40.1.0_mapped_official_1.18.2\forge-1.18.2-40.1.0_mapped_official_1.18.2.jar;C:\Users\Ace\.mcreator\gradle\caches\forge_gradle\minecraft_repo\versions\1.18.2\client-extra.jar;C:\Users\Ace\.mcreator\gradle\caches\modules-2\files-2.1\net.minecraftforge\fmlloader\1.18.2-40.1.0\842aac12c6cbd1b6dc9dd9ae4e98038e70a2b832\fmlloader-1.18.2-40.1.0.jar;C:\Users\Ace\.mcreator\gradle\caches\modules-2\files-2.1\com.google.guava\guava\31.0.1-jre\119ea2b2bc205b138974d351777b20f02b92704b\guava-31.0.1-jre.jar;C:\Users\Ace\.mcreator\gradle\caches\modules-2\files-2.1\com.google.code.findbugs\jsr305\3.0.2\25ea2e8b0c338a877313bd4672d3fe056ea78f0d\jsr305-3.0.2.jar;C:\Users\Ace\.mcreator\gradle\caches\modules-2\files-2.1\ca.weblite\java-objc-bridge\1.0.0\6ef160c3133a78de015830860197602ca1c855d3\java-objc-bridge-1.0.0.jar;C:\Users\Ace\.mcreator\gradle\caches\modules-2\files-2.1\net.minecraftforge\mergetool\1.1.3\d7d4b6eac7f49c59255c8ac25190802c29ac9a4a\mergetool-1.1.3-api.jar;C:\Users\Ace\.mcreator\gradle\caches\modules-2\files-2.1\org.jetbrains\annotations\23.0.0\8cc20c07506ec18e0834947b84a864bfc094484e\annotations-23.0.0.jar;C:\Users\Ace\.mcreator\gradle\caches\forge_gradle\mcp_repo\net\minecraft\mapping\1.18.2\mapping-1.18.2-mapping.zip;C:\Users\Ace\.mcreator\gradle\caches\modules-2\files-2.1\cpw.mods\securejarhandler\1.0.3\acbf5e3c8a38fb8bf824a54fe45eee121c510392\securejarhandler-1.0.3.jar;C:\Users\Ace\.mcreator\gradle\caches\modules-2\files-2.1\cpw.mods\modlauncher\9.1.3\7339d0e87813c366d706c3fdba479455e2283ecd\modlauncher-9.1.3.jar;C:\Users\Ace\.mcreator\gradle\caches\modules-2\files-2.1\org.openjdk.nashorn\nashorn-core\15.3\43977e804697048fc8d81d333a36c17d07a5b3dd\nashorn-core-15.3.jar;C:\Users\Ace\.mcreator\gradle\caches\modules-2\files-2.1\org.ow2.asm\asm-commons\9.2\f4
Launcher Type: SUN_STANDARD

[Global flags]
     intx CICompilerCount                          = 3                                         {product} {ergonomic}
     uint ConcGCThreads                            = 1                                         {product} {ergonomic}
     uint G1ConcRefinementThreads                  = 4                                         {product} {ergonomic}
   size_t G1HeapRegionSize                         = 1048576                                   {product} {ergonomic}
    uintx GCDrainStackTargetSize                   = 64                                        {product} {ergonomic}
   size_t InitialHeapSize                          = 65011712                                  {product} {ergonomic}
   size_t MarkStackSize                            = 4194304                                   {product} {ergonomic}
   size_t MaxHeapSize                              = 1027604480                                {product} {ergonomic}
   size_t MinHeapDeltaBytes                        = 1048576                                   {product} {ergonomic}
   size_t MinHeapSize                              = 8388608                                   {product} {ergonomic}
    uintx NonNMethodCodeHeapSize                   = 5832780                                {pd product} {ergonomic}
    uintx NonProfiledCodeHeapSize                  = 122912730                              {pd product} {ergonomic}
    uintx ProfiledCodeHeapSize                     = 122912730                              {pd product} {ergonomic}
    uintx ReservedCodeCacheSize                    = 251658240                              {pd product} {ergonomic}
     bool SegmentedCodeCache                       = true                                      {product} {ergonomic}
   size_t SoftMaxHeapSize                          = 1027604480                             {manageable} {ergonomic}
     bool UseCompressedClassPointers               = true                           {product lp64_product} {ergonomic}
     bool UseCompressedOops                        = true                           {product lp64_product} {ergonomic}
     bool UseG1GC                                  = true                                      {product} {ergonomic}
     bool UseLargePagesIndividualAllocation        = false                                  {pd product} {ergonomic}

Logging:
Log output configuration:
 #0: stdout all=warning uptime,level,tags
 #1: stderr all=off uptime,level,tags

Environment Variables:
JAVA_HOME=C:\Users\Ace\Desktop\MCT22\jdk
PATH=C:\Program Files\Eclipse Adoptium\jdk-17.0.5.8-hotspot\bin;C:\Windows\system32;C:\Windows;C:\Windows\System32\Wbem;C:\Windows\System32\WindowsPowerShell\v1.0\;C:\Windows\System32\OpenSSH\;C:\Ava\LFS\;D:\Git\cmd;C:\Users\Ace\AppData\Local\Microsoft\WindowsApps;C:\Users\Ace\AppData\Local\GitHubDesktop\bin;C:\Users\Ace\Desktop\MCT22\jdk\bin
USERNAME=Ace
OS=Windows_NT
PROCESSOR_IDENTIFIER=Intel64 Family 6 Model 122 Stepping 8, GenuineIntel



---------------  S Y S T E M  ---------------

OS:
 Windows 10 , 64 bit Build 19041 (10.0.19041.1889)
OS uptime: 0 days 10:21 hours

CPU: total 4 (initial active 4) (4 cores per cpu, 1 threads per core) family 6 model 122 stepping 8 microcode 0x20, cx8, cmov, fxsr, mmx, 3dnowpref, sse, sse2, sse3, ssse3, sse4.1, sse4.2, popcnt, tsc, tscinvbit, aes, erms, clmul, sha, clflush, clflushopt

Memory: 4k page, system-wide physical 3913M (475M free)
TotalPageFile size 11286M (AvailPageFile size 5M)
current process WorkingSet (physical memory assigned to process): 9M, peak: 9M
current process commit charge ("private bytes"): 113M, peak: 114M

vm_info: OpenJDK 64-Bit Server VM (17.0.3+7) for windows-amd64 JRE (17.0.3+7), built on Apr 19 2022 16:55:35 by "" with MS VC++ 16.7 (VS2019)

END.
